[14-Nov-2014 22:09:53 UTC] PHP Warning:  First parameter must either be an object or the name of an existing class in /Library/WebServer/Documents/wordpress/wp-content/plugins/sugarpress/lib/sugarapi-2.0.0.php on line 59
[14-Nov-2014 22:09:53 UTC] PHP Notice:  Trying to get property of non-object in /Library/WebServer/Documents/wordpress/wp-content/plugins/sugarpress/lib/sugarapi-2.0.0.php on line 65
[15-Nov-2014 01:50:48 UTC] PHP Warning:  First parameter must either be an object or the name of an existing class in /Library/WebServer/Documents/wordpress/wp-content/plugins/sugarpress/lib/sugarapi-2.0.0.php on line 59
[15-Nov-2014 01:50:48 UTC] PHP Notice:  Trying to get property of non-object in /Library/WebServer/Documents/wordpress/wp-content/plugins/sugarpress/lib/sugarapi-2.0.0.php on line 65
[15-Nov-2014 02:27:02 UTC] PHP Warning:  First parameter must either be an object or the name of an existing class in /Library/WebServer/Documents/wordpress/wp-content/plugins/sugarpress/lib/sugarapi-2.0.0.php on line 59
[15-Nov-2014 02:27:02 UTC] PHP Notice:  Trying to get property of non-object in /Library/WebServer/Documents/wordpress/wp-content/plugins/sugarpress/lib/sugarapi-2.0.0.php on line 65
[16-Nov-2014 17:09:57 UTC] PHP Warning:  First parameter must either be an object or the name of an existing class in /Library/WebServer/Documents/wordpress/wp-content/plugins/sugarpress/lib/sugarapi-2.0.0.php on line 59
[16-Nov-2014 17:09:57 UTC] PHP Notice:  Trying to get property of non-object in /Library/WebServer/Documents/wordpress/wp-content/plugins/sugarpress/lib/sugarapi-2.0.0.php on line 65
[20-Nov-2014 04:48:51 UTC] PHP Warning:  First parameter must either be an object or the name of an existing class in /Library/WebServer/Documents/wordpress/wp-content/plugins/sugarpress/lib/sugarapi-2.0.0.php on line 59
[20-Nov-2014 04:48:51 UTC] PHP Notice:  Trying to get property of non-object in /Library/WebServer/Documents/wordpress/wp-content/plugins/sugarpress/lib/sugarapi-2.0.0.php on line 65
[23-Dec-2014 20:10:59 UTC] PHP Warning:  First parameter must either be an object or the name of an existing class in /Library/WebServer/Documents/wordpress/wp-content/plugins/sugarpress/lib/sugarapi-2.0.0.php on line 59
[23-Dec-2014 20:10:59 UTC] PHP Notice:  Trying to get property of non-object in /Library/WebServer/Documents/wordpress/wp-content/plugins/sugarpress/lib/sugarapi-2.0.0.php on line 65
[23-Dec-2014 21:49:17 UTC] PHP Warning:  First parameter must either be an object or the name of an existing class in /Library/WebServer/Documents/wordpress/wp-content/plugins/sugarpress/lib/sugarapi-2.0.0.php on line 59
[23-Dec-2014 21:49:17 UTC] PHP Notice:  Trying to get property of non-object in /Library/WebServer/Documents/wordpress/wp-content/plugins/sugarpress/lib/sugarapi-2.0.0.php on line 65
[24-Dec-2014 02:13:11 UTC] PHP Warning:  First parameter must either be an object or the name of an existing class in /Library/WebServer/Documents/wordpress/wp-content/plugins/sugarpress/lib/sugarapi-2.0.0.php on line 59
[24-Dec-2014 02:13:11 UTC] PHP Notice:  Trying to get property of non-object in /Library/WebServer/Documents/wordpress/wp-content/plugins/sugarpress/lib/sugarapi-2.0.0.php on line 65
[16-Jan-2015 21:57:56 UTC] PHP Warning:  First parameter must either be an object or the name of an existing class in /Library/WebServer/Documents/wordpress/wp-content/plugins/sugarpress/lib/sugarapi-2.0.0.php on line 59
[16-Jan-2015 21:57:56 UTC] PHP Notice:  Trying to get property of non-object in /Library/WebServer/Documents/wordpress/wp-content/plugins/sugarpress/lib/sugarapi-2.0.0.php on line 65
[16-Jan-2015 22:03:55 UTC] PHP Warning:  First parameter must either be an object or the name of an existing class in /Library/WebServer/Documents/wordpress/wp-content/plugins/sugarpress/lib/sugarapi-2.0.0.php on line 59
[16-Jan-2015 22:03:55 UTC] PHP Notice:  Trying to get property of non-object in /Library/WebServer/Documents/wordpress/wp-content/plugins/sugarpress/lib/sugarapi-2.0.0.php on line 65
[17-Jan-2015 00:07:13 UTC] PHP Warning:  First parameter must either be an object or the name of an existing class in /Library/WebServer/Documents/wordpress/wp-content/plugins/sugarpress/lib/sugarapi-2.0.0.php on line 59
[17-Jan-2015 00:07:13 UTC] PHP Notice:  Trying to get property of non-object in /Library/WebServer/Documents/wordpress/wp-content/plugins/sugarpress/lib/sugarapi-2.0.0.php on line 65
[17-Jan-2015 16:30:08 UTC] PHP Warning:  First parameter must either be an object or the name of an existing class in /Library/WebServer/Documents/wordpress/wp-content/plugins/sugarpress/lib/sugarapi-2.0.0.php on line 59
[17-Jan-2015 16:30:08 UTC] PHP Notice:  Trying to get property of non-object in /Library/WebServer/Documents/wordpress/wp-content/plugins/sugarpress/lib/sugarapi-2.0.0.php on line 65
[17-Jan-2015 16:32:55 UTC] PHP Warning:  First parameter must either be an object or the name of an existing class in /Library/WebServer/Documents/wordpress/wp-content/plugins/sugarpress/lib/sugarapi-2.0.0.php on line 59
[17-Jan-2015 16:32:55 UTC] PHP Notice:  Trying to get property of non-object in /Library/WebServer/Documents/wordpress/wp-content/plugins/sugarpress/lib/sugarapi-2.0.0.php on line 65
[19-Jan-2015 17:21:39 UTC] PHP Warning:  First parameter must either be an object or the name of an existing class in /Library/WebServer/Documents/wordpress/wp-content/plugins/sugarpress/lib/sugarapi-2.0.0.php on line 59
[19-Jan-2015 17:21:39 UTC] PHP Notice:  Trying to get property of non-object in /Library/WebServer/Documents/wordpress/wp-content/plugins/sugarpress/lib/sugarapi-2.0.0.php on line 65
